{
  "stats": {
    "suites": 1,
    "tests": 3,
    "passes": 3,
    "pending": 0,
    "failures": 0,
    "start": "2022-04-27T01:59:39.480Z",
    "end": "2022-04-27T02:00:15.455Z",
    "duration": 35975,
    "testsRegistered": 3,
    "passPercent": 100,
    "pendingPercent": 0,
    "other": 0,
    "hasOther": false,
    "skipped": 0,
    "hasSkipped": false
  },
  "results": [
    {
      "uuid": "5cb4acf4-4216-438c-bbf3-1bb771f7cdd6",
      "title": "",
      "fullFile": "cypress/integration/alura-pic/alura-pic.spec.js",
      "file": "cypress/integration/alura-pic/alura-pic.spec.js",
      "beforeHooks": [],
      "afterHooks": [],
      "tests": [],
      "suites": [
        {
          "uuid": "6c2ecec5-fa77-42a9-8065-0d16a54ac5b3",
          "title": "Login e registro de usuários alurapic",
          "fullFile": "",
          "file": "",
          "beforeHooks": [],
          "afterHooks": [],
          "tests": [
            {
              "title": "Registro de novo usuário luke",
              "fullTitle": "Login e registro de usuários alurapic Registro de novo usuário luke",
              "timedOut": null,
              "duration": 28295,
              "state": "passed",
              "speed": "slow",
              "pass": true,
              "fail": false,
              "pending": false,
              "context": null,
              "code": "cy.registro(usuario.email, usuario.name, usuario.userName, usuario.password);",
              "err": {},
              "uuid": "b9dd6c32-1f0e-4eb8-8e8b-a2b96637419d",
              "parentUUID": "6c2ecec5-fa77-42a9-8065-0d16a54ac5b3",
              "isHook": false,
              "skipped": false
            },
            {
              "title": "Registro de novo usuário leia",
              "fullTitle": "Login e registro de usuários alurapic Registro de novo usuário leia",
              "timedOut": null,
              "duration": 2894,
              "state": "passed",
              "speed": "fast",
              "pass": true,
              "fail": false,
              "pending": false,
              "context": null,
              "code": "cy.registro(usuario.email, usuario.name, usuario.userName, usuario.password);",
              "err": {},
              "uuid": "c59b607e-cf74-45ac-ab62-1b1063787e1e",
              "parentUUID": "6c2ecec5-fa77-42a9-8065-0d16a54ac5b3",
              "isHook": false,
              "skipped": false
            },
            {
              "title": "Registro de novo usuário anakin",
              "fullTitle": "Login e registro de usuários alurapic Registro de novo usuário anakin",
              "timedOut": null,
              "duration": 2927,
              "state": "passed",
              "speed": "fast",
              "pass": true,
              "fail": false,
              "pending": false,
              "context": null,
              "code": "cy.registro(usuario.email, usuario.name, usuario.userName, usuario.password);",
              "err": {},
              "uuid": "6fac10b3-b51a-408d-aad9-3c20222b23da",
              "parentUUID": "6c2ecec5-fa77-42a9-8065-0d16a54ac5b3",
              "isHook": false,
              "skipped": false
            }
          ],
          "suites": [],
          "passes": [
            "b9dd6c32-1f0e-4eb8-8e8b-a2b96637419d",
            "c59b607e-cf74-45ac-ab62-1b1063787e1e",
            "6fac10b3-b51a-408d-aad9-3c20222b23da"
          ],
          "failures": [],
          "pending": [],
          "skipped": [],
          "duration": 34116,
          "root": false,
          "rootEmpty": false,
          "_timeout": 2000
        }
      ],
      "passes": [],
      "failures": [],
      "pending": [],
      "skipped": [],
      "duration": 0,
      "root": true,
      "rootEmpty": true,
      "_timeout": 2000
    }
  ],
  "meta": {
    "mocha": {
      "version": "7.0.1"
    },
    "mochawesome": {
      "options": {
        "quiet": false,
        "reportFilename": "mochawesome",
        "saveHtml": true,
        "saveJson": true,
        "consoleReporter": "spec",
        "useInlineDiffs": false,
        "code": true
      },
      "version": "7.1.3"
    },
    "marge": {
      "options": {
        "reportDir": "cypress/report/mochawesome-report",
        "overwrite": true,
        "html": true,
        "json": true,
        "timestamp": "mmddyyyy_HHMMss"
      },
      "version": "6.2.0"
    }
  }
}